<?xml version="1.0" encoding="utf-8"?><testsuites><testsuite name="pytest" errors="0" failures="0" skipped="0" tests="44" time="0.703" timestamp="2023-02-24T09:31:57.019399" hostname="Tim-Pattersons-MacBook-Pro.local"><testcase classname="company.tests.test_forms" name="test_company_address_verification_required_fields" time="0.002" /><testcase classname="company.tests.test_forms" name="test_company_address_verification_accepts_valid" time="0.002" /><testcase classname="company.tests.test_forms" name="test_company_address_verification_valid_code" time="0.002" /><testcase classname="company.tests.test_forms" name="test_company_address_verification_invalid_code" time="0.002" /><testcase classname="company.tests.test_forms" name="test_company_address_verification_too_long" time="0.002" /><testcase classname="company.tests.test_forms" name="test_company_address_verification_with_leading_zeros" time="0.002" /><testcase classname="company.tests.test_helpers" name="test_build_company_address" time="0.002" /><testcase classname="company.tests.test_templates" name="test_company_verify_hub_letter_sent" time="0.107" /><testcase classname="company.tests.test_templates" name="test_company_verify_hub_letter_not_sent" time="0.004" /><testcase classname="company.tests.test_validators" name="test_not_contain_email_does_contains_email" time="0.002" /><testcase classname="company.tests.test_validators" name="test_not_contain_email_does_not_contain_email" time="0.002" /><testcase classname="company.tests.test_views" name="test_send_verification_letter_address_context_data" time="0.027" /><testcase classname="company.tests.test_views" name="test_company_address_validation_api_success" time="0.010" /><testcase classname="company.tests.test_views" name="test_company_address_validation_api_failure" time="0.008" /><testcase classname="company.tests.test_views" name="test_unsubscribe_logged_in_user" time="0.007" /><testcase classname="company.tests.test_views" name="test_unsubscribe_anon_user" time="0.007" /><testcase classname="company.tests.test_views" name="test_unsubscribe_api_failure" time="0.016" /><testcase classname="company.tests.test_views" name="test_unsubscribe_api_success" time="0.006" /><testcase classname="company.tests.test_views" name="test_robots" time="0.003" /><testcase classname="company.tests.test_views" name="test_companies_house_oauth2_has_company_redirects" time="0.003" /><testcase classname="company.tests.test_views" name="test_companies_house_callback_missing_code" time="0.007" /><testcase classname="company.tests.test_views" name="test_companies_house_callback_has_company_calls_companies_house" time="0.003" /><testcase classname="company.tests.test_views" name="test_companies_house_callback_has_company_calls_url_prefix" time="0.003" /><testcase classname="company.tests.test_views" name="test_companies_house_callback_error" time="0.006" /><testcase classname="company.tests.test_views" name="test_companies_house_callback_invalid_code" time="0.006" /><testcase classname="company.tests.test_views" name="test_companies_house_callback_unauthorized" time="0.006" /><testcase classname="company.tests.test_views" name="test_verify_company_has_company_user" time="0.006" /><testcase classname="company.tests.test_views" name="test_verify_company_address_feature_flag_on" time="0.007" /><testcase classname="company.tests.test_views" name="test_verify_company_address_end_to_end" time="0.007" /><testcase classname="company.tests.test_views" name="test_company_address_verification_backwards_compatible_feature_flag_on" time="0.003" /><testcase classname="company.tests.test_views" name="test_case_study_create_backwards_compatible_url" time="0.003" /><testcase classname="company.tests.test_views" name="test_buyer_csv_dump_no_token" time="0.003" /><testcase classname="company.tests.test_views" name="test_buyer_csv_dump" time="0.003" /><testcase classname="company.tests.test_views" name="test_supplier_csv_dump" time="0.004" /><testcase classname="conf.tests.test_sitemaps" name="test_sitemaps_200" time="0.003" /><testcase classname="core.tests.test_middleware" name="test_ga360_middleware_keys" time="0.002" /><testcase classname="core.tests.test_middleware" name="test_ga360_middleware_logged_in" time="0.001" /><testcase classname="core.tests.test_middleware" name="test_ga360_middleware_not_logged_in" time="0.001" /><testcase classname="enrolment.tests.test_helpers" name="test_has_company_no_company" time="0.002" /><testcase classname="enrolment.tests.test_helpers" name="test_has_company_404" time="0.001" /><testcase classname="enrolment.tests.test_helpers" name="test_companies_house_client_consumes_auth" time="0.111" /><testcase classname="enrolment.tests.test_helpers" name="test_verify_oauth2_code" time="0.043" /><testcase classname="enrolment.tests.test_views" name="test_landing_page_logged_in" time="0.011" /><testcase classname="enrolment.tests.test_views" name="test_landing_page_not_logged_in" time="0.010" /></testsuite></testsuites>